Running: E:\Xilinx14.7\14.7\ISE_DS\ISE\bin\nt64\unwrapped\fuse.exe -intstyle ise -incremental -lib secureip -o D:/ASSIGNMENTS/College/PB mam/VHDL/UpDownCounter/counter_up_down_tb_isim_beh.exe -prj D:/ASSIGNMENTS/College/PB mam/VHDL/UpDownCounter/counter_up_down_tb_beh.prj work.counter_up_down_tb 
ISim P.20131013 (signature 0x7708f090)
Number of CPUs detected in this system: 6
Turning on mult-threading, number of parallel sub-compilation jobs: 12 
Determining compilation order of HDL files
Parsing VHDL file "D:/ASSIGNMENTS/College/PB mam/VHDL/UpDownCounter/counter_up_down.vhd" into library work
Parsing VHDL file "D:/ASSIGNMENTS/College/PB mam/VHDL/UpDownCounter/counter_up_down_tb.vhd" into library work
Starting static elaboration
Completed static elaboration
Compiling package standard
Compiling package std_logic_1164
Compiling package std_logic_arith
Compiling package std_logic_unsigned
Compiling architecture behavioral of entity counter_up_down [counter_up_down_default]
Compiling architecture behavior of entity counter_up_down_tb
Time Resolution for simulation is 1ps.
Waiting for 1 sub-compilation(s) to finish...
Compiled 7 VHDL Units
Built simulation executable D:/ASSIGNMENTS/College/PB mam/VHDL/UpDownCounter/counter_up_down_tb_isim_beh.exe
Fuse Memory Usage: 34408 KB
Fuse CPU Usage: 625 ms
